<?xml version="1.0" encoding="UTF-8"?>
<!-- Generated by org.testng.reporters.JUnitXMLReporter -->
<testsuite ignored="0" hostname="DESKTOP-I46GJ42" failures="0" tests="3" name="Test2" time="9.81" errors="0" timestamp="2025-08-07T22:34:57 IST">
  <testcase classname="Day43.Test_anno_c1" name="searchele" time="9.719"/>
  <testcase classname="Day43.Test_anno_c2" name="Advan_search" time="0.004"/>
  <testcase classname="Day43.Test_anno_c3" name="Advan_search" time="0.046"/>
</testsuite> <!-- Test2 -->
