<?xml version="1.0" encoding="UTF-8"?>
<!-- Generated by org.testng.reporters.JUnitXMLReporter -->
<testsuite ignored="0" hostname="DESKTOP-I46GJ42" failures="0" tests="7" name="test" time="27.749" errors="0" timestamp="2025-08-05T00:34:37 IST">
  <testcase classname="Day42.NewTest" name="openapp" time="6.151"/>
  <testcase classname="Day42.NewTest" name="logo" time="3.056"/>
  <testcase classname="Day42.NewTest" name="login" time="3.229"/>
  <testcase classname="Day42.NewTest" name="close" time="0.289"/>
  <testcase classname="Day42.DropDown" name="lunchbrowser" time="6.101"/>
  <testcase classname="Day42.DropDown" name="dropdown" time="4.96"/>
  <testcase classname="Day42.DropDown" name="close" time="3.898"/>
</testsuite> <!-- test -->
