<?xml version="1.0" encoding="UTF-8"?>
<!-- Generated by org.testng.reporters.JUnitXMLReporter -->
<testsuite ignored="0" hostname="DESKTOP-I46GJ42" failures="0" tests="3" name="EdgeTest" time="10.615" errors="0" timestamp="2025-08-07T00:29:02 IST">
  <testcase classname="Day45.Parallel_exexecution" name="TestLogo" time="0.12"/>
  <testcase classname="Day45.Parallel_exexecution" name="TestTittle" time="0.025"/>
  <testcase classname="Day45.Parallel_exexecution" name="TextURL" time="0.018"/>
</testsuite> <!-- EdgeTest -->
