<?xml version="1.0" encoding="UTF-8"?>
<!-- Generated by org.testng.reporters.JUnitXMLReporter -->
<testsuite ignored="0" hostname="DESKTOP-I46GJ42" failures="0" tests="3" name="Test1" time="6.74" errors="0" timestamp="2025-08-07T00:19:21 IST">
  <testcase classname="Day45.Parallel_exexecution" name="TestLogo" time="0.097"/>
  <testcase classname="Day45.Parallel_exexecution" name="TestTittle" time="0.012"/>
  <testcase classname="Day45.Parallel_exexecution" name="TextURL" time="0.009"/>
</testsuite> <!-- Test1 -->
