<?xml version="1.0" encoding="UTF-8"?>
<!-- Generated by org.testng.reporters.JUnitXMLReporter -->
<testsuite ignored="0" hostname="DESKTOP-I46GJ42" failures="0" tests="3" name="Test2" time="5.484" errors="0" timestamp="2025-08-07T00:19:27 IST">
  <testcase classname="Day45.Parallel_exexecution" name="TestLogo" time="0.088"/>
  <testcase classname="Day45.Parallel_exexecution" name="TestTittle" time="0.014"/>
  <testcase classname="Day45.Parallel_exexecution" name="TextURL" time="0.011"/>
</testsuite> <!-- Test2 -->
