<?xml version="1.0" encoding="UTF-8"?>
<testng-results ignored="0" total="4" passed="4" failed="0" skipped="0">
  <reporter-output>
  </reporter-output>
  <suite started-at="2025-08-31T00:54:46 IST" name="Suite" finished-at="2025-08-31T00:59:52 IST" duration-ms="305870">
    <groups>
      <group name="Master">
        <method signature="TC001_AccountRegistrationTest.verify_account_registration()[pri:0, instance:testCases.TC001_AccountRegistrationTest@2250b9f2]" name="verify_account_registration" class="testCases.TC001_AccountRegistrationTest"/>
        <method signature="TC002_LoginTest.verifing_Login()[pri:0, instance:testCases.TC002_LoginTest@8dbfffb]" name="verifing_Login" class="testCases.TC002_LoginTest"/>
        <method signature="TC001_AccountRegistrationTest.verify_account_registration()[pri:0, instance:testCases.TC001_AccountRegistrationTest@635572a7]" name="verify_account_registration" class="testCases.TC001_AccountRegistrationTest"/>
        <method signature="TC002_LoginTest.verifing_Login()[pri:0, instance:testCases.TC002_LoginTest@79d94571]" name="verifing_Login" class="testCases.TC002_LoginTest"/>
      </group> <!-- Master -->
      <group name="Sanity">
        <method signature="TC002_LoginTest.verifing_Login()[pri:0, instance:testCases.TC002_LoginTest@8dbfffb]" name="verifing_Login" class="testCases.TC002_LoginTest"/>
        <method signature="TC002_LoginTest.verifing_Login()[pri:0, instance:testCases.TC002_LoginTest@79d94571]" name="verifing_Login" class="testCases.TC002_LoginTest"/>
      </group> <!-- Sanity -->
      <group name="Regression">
        <method signature="TC001_AccountRegistrationTest.verify_account_registration()[pri:0, instance:testCases.TC001_AccountRegistrationTest@2250b9f2]" name="verify_account_registration" class="testCases.TC001_AccountRegistrationTest"/>
        <method signature="TC001_AccountRegistrationTest.verify_account_registration()[pri:0, instance:testCases.TC001_AccountRegistrationTest@635572a7]" name="verify_account_registration" class="testCases.TC001_AccountRegistrationTest"/>
      </group> <!-- Regression -->
    </groups>
    <test started-at="2025-08-31T00:54:46 IST" name="Linux-Chrome" finished-at="2025-08-31T00:56:41 IST" duration-ms="115449">
      <class name="testCases.TC002_LoginTest">
        <test-method is-config="true" signature="setup(java.lang.String,java.lang.String)[pri:0, instance:testCases.TC002_LoginTest@8dbfffb]" started-at="2025-08-31T00:56:15 IST" name="setup" finished-at="2025-08-31T00:56:29 IST" duration-ms="13807" status="PASS">
          <params>
            <param index="0">
              <value>
                <![CDATA[chrome]]>
              </value>
            </param>
            <param index="1">
              <value>
                <![CDATA[Linux]]>
              </value>
            </param>
          </params>
          <reporter-output>
          </reporter-output>
        </test-method> <!-- setup -->
        <test-method signature="verifing_Login()[pri:0, instance:testCases.TC002_LoginTest@8dbfffb]" started-at="2025-08-31T00:56:29 IST" name="verifing_Login" finished-at="2025-08-31T00:56:41 IST" duration-ms="11750" status="PASS">
          <reporter-output>
          </reporter-output>
        </test-method> <!-- verifing_Login -->
        <test-method is-config="true" signature="tearDown()[pri:0, instance:testCases.TC002_LoginTest@8dbfffb]" started-at="2025-08-31T00:56:41 IST" name="tearDown" finished-at="2025-08-31T00:56:41 IST" duration-ms="542" status="PASS">
          <reporter-output>
          </reporter-output>
        </test-method> <!-- tearDown -->
      </class> <!-- testCases.TC002_LoginTest -->
      <class name="testCases.TC001_AccountRegistrationTest">
        <test-method is-config="true" signature="setup(java.lang.String,java.lang.String)[pri:0, instance:testCases.TC001_AccountRegistrationTest@2250b9f2]" started-at="2025-08-31T00:54:50 IST" name="setup" finished-at="2025-08-31T00:55:53 IST" duration-ms="62241" status="PASS">
          <params>
            <param index="0">
              <value>
                <![CDATA[chrome]]>
              </value>
            </param>
            <param index="1">
              <value>
                <![CDATA[Linux]]>
              </value>
            </param>
          </params>
          <reporter-output>
          </reporter-output>
        </test-method> <!-- setup -->
        <test-method signature="verify_account_registration()[pri:0, instance:testCases.TC001_AccountRegistrationTest@2250b9f2]" started-at="2025-08-31T00:55:53 IST" name="verify_account_registration" finished-at="2025-08-31T00:56:14 IST" duration-ms="21228" status="PASS">
          <reporter-output>
          </reporter-output>
        </test-method> <!-- verify_account_registration -->
        <test-method is-config="true" signature="tearDown()[pri:0, instance:testCases.TC001_AccountRegistrationTest@2250b9f2]" started-at="2025-08-31T00:56:14 IST" name="tearDown" finished-at="2025-08-31T00:56:15 IST" duration-ms="1156" status="PASS">
          <reporter-output>
          </reporter-output>
        </test-method> <!-- tearDown -->
      </class> <!-- testCases.TC001_AccountRegistrationTest -->
    </test> <!-- Linux-Chrome -->
    <test started-at="2025-08-31T00:56:48 IST" name="Linux-Firefox" finished-at="2025-08-31T00:59:52 IST" duration-ms="183543">
      <class name="testCases.TC002_LoginTest">
        <test-method is-config="true" signature="setup(java.lang.String,java.lang.String)[pri:0, instance:testCases.TC002_LoginTest@79d94571]" started-at="2025-08-31T00:58:51 IST" name="setup" finished-at="2025-08-31T00:59:32 IST" duration-ms="40395" status="PASS">
          <params>
            <param index="0">
              <value>
                <![CDATA[firefox]]>
              </value>
            </param>
            <param index="1">
              <value>
                <![CDATA[Linux]]>
              </value>
            </param>
          </params>
          <reporter-output>
          </reporter-output>
        </test-method> <!-- setup -->
        <test-method signature="verifing_Login()[pri:0, instance:testCases.TC002_LoginTest@79d94571]" started-at="2025-08-31T00:59:32 IST" name="verifing_Login" finished-at="2025-08-31T00:59:46 IST" duration-ms="13980" status="PASS">
          <reporter-output>
          </reporter-output>
        </test-method> <!-- verifing_Login -->
        <test-method is-config="true" signature="tearDown()[pri:0, instance:testCases.TC002_LoginTest@79d94571]" started-at="2025-08-31T00:59:46 IST" name="tearDown" finished-at="2025-08-31T00:59:52 IST" duration-ms="6127" status="PASS">
          <reporter-output>
          </reporter-output>
        </test-method> <!-- tearDown -->
      </class> <!-- testCases.TC002_LoginTest -->
      <class name="testCases.TC001_AccountRegistrationTest">
        <test-method is-config="true" signature="setup(java.lang.String,java.lang.String)[pri:0, instance:testCases.TC001_AccountRegistrationTest@635572a7]" started-at="2025-08-31T00:56:48 IST" name="setup" finished-at="2025-08-31T00:58:15 IST" duration-ms="86258" status="PASS">
          <params>
            <param index="0">
              <value>
                <![CDATA[firefox]]>
              </value>
            </param>
            <param index="1">
              <value>
                <![CDATA[Linux]]>
              </value>
            </param>
          </params>
          <reporter-output>
          </reporter-output>
        </test-method> <!-- setup -->
        <test-method signature="verify_account_registration()[pri:0, instance:testCases.TC001_AccountRegistrationTest@635572a7]" started-at="2025-08-31T00:58:15 IST" name="verify_account_registration" finished-at="2025-08-31T00:58:37 IST" duration-ms="22240" status="PASS">
          <reporter-output>
          </reporter-output>
        </test-method> <!-- verify_account_registration -->
        <test-method is-config="true" signature="tearDown()[pri:0, instance:testCases.TC001_AccountRegistrationTest@635572a7]" started-at="2025-08-31T00:58:37 IST" name="tearDown" finished-at="2025-08-31T00:58:51 IST" duration-ms="14351" status="PASS">
          <reporter-output>
          </reporter-output>
        </test-method> <!-- tearDown -->
      </class> <!-- testCases.TC001_AccountRegistrationTest -->
    </test> <!-- Linux-Firefox -->
  </suite> <!-- Suite -->
</testng-results>
